# JRE version: Java(TM) SE Runtime Environment (8.0_71-b15) (build 1.8.0_71-b15)
# Java VM: Java HotSpot(TM) 64-Bit Server VM (25.71-b15 mixed mode windows-amd64 compressed oops)
Heap:
 PSYoungGen      total 239616K, used 1480K [0x000000076b100000, 0x000000077b380000, 0x00000007c0000000)
  eden space 239104K, 0% used [0x000000076b100000,0x000000076b200048,0x0000000779a80000)
  from space 512K, 89% used [0x000000077b300000,0x000000077b372020,0x000000077b380000)
  to   space 8192K, 0% used [0x000000077a380000,0x000000077a380000,0x000000077ab80000)
 ParOldGen       total 175104K, used 27815K [0x00000006c1200000, 0x00000006cbd00000, 0x000000076b100000)
  object space 175104K, 15% used [0x00000006c1200000,0x00000006c2d29c00,0x00000006cbd00000)
 Metaspace       used 14960K, capacity 15202K, committed 15360K, reserved 1062912K
  class space    used 1907K, capacity 1965K, committed 2048K, reserved 1048576K
GC Heap History (10 events):
Event: 31.441 GC heap before
{Heap before GC invocations=4 (full 0):
 PSYoungGen      total 76288K, used 69502K [0x000000076b100000, 0x0000000774600000, 0x00000007c0000000)
  eden space 65536K, 100% used [0x000000076b100000,0x000000076f100000,0x000000076f100000)
  from space 10752K, 36% used [0x000000076f100000,0x000000076f4dfbe8,0x000000076fb80000)
  to   space 10752K, 0% used [0x0000000773b80000,0x0000000773b80000,0x0000000774600000)
 ParOldGen       total 175104K, used 40K [0x00000006c1200000, 0x00000006cbd00000, 0x000000076b100000)
  object space 175104K, 0% used [0x00000006c1200000,0x00000006c120a000,0x00000006cbd00000)
 Metaspace       used 13611K, capacity 13786K, committed 13952K, reserved 1060864K
  class space    used 1776K, capacity 1837K, committed 1920K, reserved 1048576K
Event: 31.445 GC heap after
Heap after GC invocations=4 (full 0):
 PSYoungGen      total 141824K, used 4166K [0x000000076b100000, 0x0000000774600000, 0x00000007c0000000)
  eden space 131072K, 0% used [0x000000076b100000,0x000000076b100000,0x0000000773100000)
  from space 10752K, 38% used [0x0000000773b80000,0x0000000773f91bf8,0x0000000774600000)
  to   space 10752K, 0% used [0x0000000773100000,0x0000000773100000,0x0000000773b80000)
 ParOldGen       total 175104K, used 48K [0x00000006c1200000, 0x00000006cbd00000, 0x000000076b100000)
  object space 175104K, 0% used [0x00000006c1200000,0x00000006c120c000,0x00000006cbd00000)
 Metaspace       used 13611K, capacity 13786K, committed 13952K, reserved 1060864K
  class space    used 1776K, capacity 1837K, committed 1920K, reserved 1048576K
}
Event: 35.983 GC heap before
{Heap before GC invocations=5 (full 0):
 PSYoungGen      total 141824K, used 135238K [0x000000076b100000, 0x0000000774600000, 0x00000007c0000000)
  eden space 131072K, 100% used [0x000000076b100000,0x0000000773100000,0x0000000773100000)
  from space 10752K, 38% used [0x0000000773b80000,0x0000000773f91bf8,0x0000000774600000)
  to   space 10752K, 0% used [0x0000000773100000,0x0000000773100000,0x0000000773b80000)
 ParOldGen       total 175104K, used 48K [0x00000006c1200000, 0x00000006cbd00000, 0x000000076b100000)
  object space 175104K, 0% used [0x00000006c1200000,0x00000006c120c000,0x00000006cbd00000)
 Metaspace       used 13736K, capacity 13954K, committed 14208K, reserved 1060864K
  class space    used 1780K, capacity 1869K, committed 1920K, reserved 1048576K
Event: 35.986 GC heap after
Heap after GC invocations=5 (full 0):
 PSYoungGen      total 141824K, used 3134K [0x000000076b100000, 0x000000077ba00000, 0x00000007c0000000)
  eden space 131072K, 0% used [0x000000076b100000,0x000000076b100000,0x0000000773100000)
  from space 10752K, 29% used [0x0000000773100000,0x000000077340fbd8,0x0000000773b80000)
  to   space 4608K, 0% used [0x000000077b580000,0x000000077b580000,0x000000077ba00000)
 ParOldGen       total 175104K, used 56K [0x00000006c1200000, 0x00000006cbd00000, 0x000000076b100000)
  object space 175104K, 0% used [0x00000006c1200000,0x00000006c120e000,0x00000006cbd00000)
 Metaspace       used 13736K, capacity 13954K, committed 14208K, reserved 1060864K
  class space    used 1780K, capacity 1869K, committed 1920K, reserved 1048576K
}
Event: 41.200 GC heap before
{Heap before GC invocations=6 (full 0):
 PSYoungGen      total 141824K, used 134206K [0x000000076b100000, 0x000000077ba00000, 0x00000007c0000000)
  eden space 131072K, 100% used [0x000000076b100000,0x0000000773100000,0x0000000773100000)
  from space 10752K, 29% used [0x0000000773100000,0x000000077340fbd8,0x0000000773b80000)
  to   space 4608K, 0% used [0x000000077b580000,0x000000077b580000,0x000000077ba00000)
 ParOldGen       total 175104K, used 56K [0x00000006c1200000, 0x00000006cbd00000, 0x000000076b100000)
  object space 175104K, 0% used [0x00000006c1200000,0x00000006c120e000,0x00000006cbd00000)
 Metaspace       used 14908K, capacity 15138K, committed 15360K, reserved 1062912K
  class space    used 1907K, capacity 1965K, committed 2048K, reserved 1048576K
Event: 41.203 GC heap after
Heap after GC invocations=6 (full 0):
 PSYoungGen      total 263680K, used 4582K [0x000000076b100000, 0x000000077c000000, 0x00000007c0000000)
  eden space 259072K, 0% used [0x000000076b100000,0x000000076b100000,0x000000077ae00000)
  from space 4608K, 99% used [0x000000077b580000,0x000000077b9f9bd8,0x000000077ba00000)
  to   space 7680K, 0% used [0x000000077ae00000,0x000000077ae00000,0x000000077b580000)
 ParOldGen       total 175104K, used 5011K [0x00000006c1200000, 0x00000006cbd00000, 0x000000076b100000)
  object space 175104K, 2% used [0x00000006c1200000,0x00000006c16e4fa8,0x00000006cbd00000)
 Metaspace       used 14908K, capacity 15138K, committed 15360K, reserved 1062912K
  class space    used 1907K, capacity 1965K, committed 2048K, reserved 1048576K
}
Event: 49.882 GC heap before
{Heap before GC invocations=7 (full 0):
 PSYoungGen      total 263680K, used 263654K [0x000000076b100000, 0x000000077c000000, 0x00000007c0000000)
  eden space 259072K, 100% used [0x000000076b100000,0x000000077ae00000,0x000000077ae00000)
  from space 4608K, 99% used [0x000000077b580000,0x000000077b9f9bd8,0x000000077ba00000)
  to   space 7680K, 0% used [0x000000077ae00000,0x000000077ae00000,0x000000077b580000)
 ParOldGen       total 175104K, used 5011K [0x00000006c1200000, 0x00000006cbd00000, 0x000000076b100000)
  object space 175104K, 2% used [0x00000006c1200000,0x00000006c16e4fa8,0x00000006cbd00000)
 Metaspace       used 14925K, capacity 15138K, committed 15360K, reserved 1062912K
  class space    used 1907K, capacity 1965K, committed 2048K, reserved 1048576K
Event: 49.886 GC heap after
Heap after GC invocations=7 (full 0):
 PSYoungGen      total 253952K, used 4616K [0x000000076b100000, 0x000000077b600000, 0x00000007c0000000)
  eden space 248832K, 0% used [0x000000076b100000,0x000000076b100000,0x000000077a400000)
  from space 5120K, 90% used [0x000000077ae00000,0x000000077b282030,0x000000077b300000)
  to   space 3072K, 0% used [0x000000077b300000,0x000000077b300000,0x000000077b600000)
 ParOldGen       total 175104K, used 15494K [0x00000006c1200000, 0x00000006cbd00000, 0x000000076b100000)
  object space 175104K, 8% used [0x00000006c1200000,0x00000006c2121bd0,0x00000006cbd00000)
 Metaspace       used 14925K, capacity 15138K, committed 15360K, reserved 1062912K
  class space    used 1907K, capacity 1965K, committed 2048K, reserved 1048576K
}
Event: 60.946 GC heap before
{Heap before GC invocations=8 (full 0):
 PSYoungGen      total 253952K, used 253448K [0x000000076b100000, 0x000000077b600000, 0x00000007c0000000)
  eden space 248832K, 100% used [0x000000076b100000,0x000000077a400000,0x000000077a400000)
  from space 5120K, 90% used [0x000000077ae00000,0x000000077b282030,0x000000077b300000)
  to   space 3072K, 0% used [0x000000077b300000,0x000000077b300000,0x000000077b600000)
 ParOldGen       total 175104K, used 15494K [0x00000006c1200000, 0x00000006cbd00000, 0x000000076b100000)
  object space 175104K, 8% used [0x00000006c1200000,0x00000006c2121bd0,0x00000006cbd00000)
 Metaspace       used 14959K, capacity 15202K, committed 15360K, reserved 1062912K
  class space    used 1907K, capacity 1965K, committed 2048K, reserved 1048576K
Event: 60.956 GC heap after
Heap after GC invocations=8 (full 0):
 PSYoungGen      total 239616K, used 456K [0x000000076b100000, 0x000000077b380000, 0x00000007c0000000)
  eden space 239104K, 0% used [0x000000076b100000,0x000000076b100000,0x0000000779a80000)
  from space 512K, 89% used [0x000000077b300000,0x000000077b372020,0x000000077b380000)
  to   space 8192K, 0% used [0x000000077a380000,0x000000077a380000,0x000000077ab80000)
 ParOldGen       total 175104K, used 27815K [0x00000006c1200000, 0x00000006cbd00000, 0x000000076b100000)
  object space 175104K, 15% used [0x00000006c1200000,0x00000006c2d29c00,0x00000006cbd00000)
 Metaspace       used 14959K, capacity 15202K, committed 15360K, reserved 1062912K
  class space    used 1907K, capacity 1965K, committed 2048K, reserved 1048576K
}

